<?xml version="1.0" encoding="UTF-8"?>
<testsuite xmlns:xsi="http://www.w3.org/2001/XMLSchema-instance" xsi:noNamespaceSchemaLocation="https://maven.apache.org/surefire/maven-surefire-plugin/xsd/surefire-test-report.xsd" name="org.vmc.bank.LoansApplicationTests" time="2.831" tests="1" errors="0" skipped="0" failures="0">
  <properties>
    <property name="java.specification.version" value="17"/>
    <property name="sun.jnu.encoding" value="UTF-8"/>
    <property name="java.class.path" value="/Users/vamsikrishnanalluri/Documents/vamsi-projects/bank-app/loans/target/test-classes:/Users/vamsikrishnanalluri/Documents/vamsi-projects/bank-app/loans/target/classes:/Users/vamsikrishnanalluri/.m2/repository/org/springframework/boot/spring-boot-starter-web/3.0.4/spring-boot-starter-web-3.0.4.jar:/Users/vamsikrishnanalluri/.m2/repository/org/springframework/boot/spring-boot-starter/3.0.2/spring-boot-starter-3.0.2.jar:/Users/vamsikrishnanalluri/.m2/repository/org/springframework/boot/spring-boot/3.0.2/spring-boot-3.0.2.jar:/Users/vamsikrishnanalluri/.m2/repository/org/springframework/boot/spring-boot-autoconfigure/3.0.2/spring-boot-autoconfigure-3.0.2.jar:/Users/vamsikrishnanalluri/.m2/repository/org/springframework/boot/spring-boot-starter-logging/3.0.2/spring-boot-starter-logging-3.0.2.jar:/Users/vamsikrishnanalluri/.m2/repository/ch/qos/logback/logback-classic/1.4.5/logback-classic-1.4.5.jar:/Users/vamsikrishnanalluri/.m2/repository/ch/qos/logback/logback-core/1.4.5/logback-core-1.4.5.jar:/Users/vamsikrishnanalluri/.m2/repository/org/apache/logging/log4j/log4j-to-slf4j/2.19.0/log4j-to-slf4j-2.19.0.jar:/Users/vamsikrishnanalluri/.m2/repository/org/apache/logging/log4j/log4j-api/2.19.0/log4j-api-2.19.0.jar:/Users/vamsikrishnanalluri/.m2/repository/org/slf4j/jul-to-slf4j/2.0.6/jul-to-slf4j-2.0.6.jar:/Users/vamsikrishnanalluri/.m2/repository/jakarta/annotation/jakarta.annotation-api/2.1.1/jakarta.annotation-api-2.1.1.jar:/Users/vamsikrishnanalluri/.m2/repository/org/yaml/snakeyaml/1.33/snakeyaml-1.33.jar:/Users/vamsikrishnanalluri/.m2/repository/org/springframework/boot/spring-boot-starter-json/3.0.2/spring-boot-starter-json-3.0.2.jar:/Users/vamsikrishnanalluri/.m2/repository/com/fasterxml/jackson/datatype/jackson-datatype-jdk8/2.14.1/jackson-datatype-jdk8-2.14.1.jar:/Users/vamsikrishnanalluri/.m2/repository/com/fasterxml/jackson/datatype/jackson-datatype-jsr310/2.14.1/jackson-datatype-jsr310-2.14.1.jar:/Users/vamsikrishnanalluri/.m2/repository/com/fasterxml/jackson/module/jackson-module-parameter-names/2.14.1/jackson-module-parameter-names-2.14.1.jar:/Users/vamsikrishnanalluri/.m2/repository/org/springframework/boot/spring-boot-starter-tomcat/3.0.2/spring-boot-starter-tomcat-3.0.2.jar:/Users/vamsikrishnanalluri/.m2/repository/org/apache/tomcat/embed/tomcat-embed-core/10.1.5/tomcat-embed-core-10.1.5.jar:/Users/vamsikrishnanalluri/.m2/repository/org/apache/tomcat/embed/tomcat-embed-el/10.1.5/tomcat-embed-el-10.1.5.jar:/Users/vamsikrishnanalluri/.m2/repository/org/apache/tomcat/embed/tomcat-embed-websocket/10.1.5/tomcat-embed-websocket-10.1.5.jar:/Users/vamsikrishnanalluri/.m2/repository/org/springframework/spring-web/6.0.4/spring-web-6.0.4.jar:/Users/vamsikrishnanalluri/.m2/repository/org/springframework/spring-beans/6.0.4/spring-beans-6.0.4.jar:/Users/vamsikrishnanalluri/.m2/repository/org/springframework/spring-webmvc/6.0.4/spring-webmvc-6.0.4.jar:/Users/vamsikrishnanalluri/.m2/repository/org/springframework/spring-aop/6.0.4/spring-aop-6.0.4.jar:/Users/vamsikrishnanalluri/.m2/repository/org/springframework/spring-context/6.0.4/spring-context-6.0.4.jar:/Users/vamsikrishnanalluri/.m2/repository/org/springframework/spring-expression/6.0.4/spring-expression-6.0.4.jar:/Users/vamsikrishnanalluri/.m2/repository/org/springframework/cloud/spring-cloud-starter-config/4.0.2/spring-cloud-starter-config-4.0.2.jar:/Users/vamsikrishnanalluri/.m2/repository/org/springframework/cloud/spring-cloud-starter/4.0.2/spring-cloud-starter-4.0.2.jar:/Users/vamsikrishnanalluri/.m2/repository/org/springframework/cloud/spring-cloud-context/4.0.2/spring-cloud-context-4.0.2.jar:/Users/vamsikrishnanalluri/.m2/repository/org/springframework/security/spring-security-rsa/1.0.11.RELEASE/spring-security-rsa-1.0.11.RELEASE.jar:/Users/vamsikrishnanalluri/.m2/repository/org/bouncycastle/bcpkix-jdk15on/1.69/bcpkix-jdk15on-1.69.jar:/Users/vamsikrishnanalluri/.m2/repository/org/bouncycastle/bcprov-jdk15on/1.69/bcprov-jdk15on-1.69.jar:/Users/vamsikrishnanalluri/.m2/repository/org/bouncycastle/bcutil-jdk15on/1.69/bcutil-jdk15on-1.69.jar:/Users/vamsikrishnanalluri/.m2/repository/org/springframework/cloud/spring-cloud-config-client/4.0.2/spring-cloud-config-client-4.0.2.jar:/Users/vamsikrishnanalluri/.m2/repository/com/fasterxml/jackson/core/jackson-annotations/2.14.1/jackson-annotations-2.14.1.jar:/Users/vamsikrishnanalluri/.m2/repository/org/apache/httpcomponents/client5/httpclient5/5.1.4/httpclient5-5.1.4.jar:/Users/vamsikrishnanalluri/.m2/repository/org/apache/httpcomponents/core5/httpcore5/5.1.5/httpcore5-5.1.5.jar:/Users/vamsikrishnanalluri/.m2/repository/org/apache/httpcomponents/core5/httpcore5-h2/5.1.5/httpcore5-h2-5.1.5.jar:/Users/vamsikrishnanalluri/.m2/repository/commons-codec/commons-codec/1.15/commons-codec-1.15.jar:/Users/vamsikrishnanalluri/.m2/repository/com/fasterxml/jackson/core/jackson-databind/2.14.1/jackson-databind-2.14.1.jar:/Users/vamsikrishnanalluri/.m2/repository/com/fasterxml/jackson/core/jackson-core/2.14.1/jackson-core-2.14.1.jar:/Users/vamsikrishnanalluri/.m2/repository/org/springframework/boot/spring-boot-starter-actuator/3.0.4/spring-boot-starter-actuator-3.0.4.jar:/Users/vamsikrishnanalluri/.m2/repository/org/springframework/boot/spring-boot-actuator-autoconfigure/3.0.2/spring-boot-actuator-autoconfigure-3.0.2.jar:/Users/vamsikrishnanalluri/.m2/repository/org/springframework/boot/spring-boot-actuator/3.0.2/spring-boot-actuator-3.0.2.jar:/Users/vamsikrishnanalluri/.m2/repository/io/micrometer/micrometer-observation/1.10.3/micrometer-observation-1.10.3.jar:/Users/vamsikrishnanalluri/.m2/repository/io/micrometer/micrometer-commons/1.10.3/micrometer-commons-1.10.3.jar:/Users/vamsikrishnanalluri/.m2/repository/io/micrometer/micrometer-core/1.10.3/micrometer-core-1.10.3.jar:/Users/vamsikrishnanalluri/.m2/repository/org/hdrhistogram/HdrHistogram/2.1.12/HdrHistogram-2.1.12.jar:/Users/vamsikrishnanalluri/.m2/repository/org/latencyutils/LatencyUtils/2.0.3/LatencyUtils-2.0.3.jar:/Users/vamsikrishnanalluri/.m2/repository/com/h2database/h2/2.1.214/h2-2.1.214.jar:/Users/vamsikrishnanalluri/.m2/repository/org/springframework/boot/spring-boot-starter-data-jpa/3.0.4/spring-boot-starter-data-jpa-3.0.4.jar:/Users/vamsikrishnanalluri/.m2/repository/org/springframework/boot/spring-boot-starter-aop/3.0.2/spring-boot-starter-aop-3.0.2.jar:/Users/vamsikrishnanalluri/.m2/repository/org/aspectj/aspectjweaver/1.9.19/aspectjweaver-1.9.19.jar:/Users/vamsikrishnanalluri/.m2/repository/org/springframework/boot/spring-boot-starter-jdbc/3.0.2/spring-boot-starter-jdbc-3.0.2.jar:/Users/vamsikrishnanalluri/.m2/repository/com/zaxxer/HikariCP/5.0.1/HikariCP-5.0.1.jar:/Users/vamsikrishnanalluri/.m2/repository/org/springframework/spring-jdbc/6.0.4/spring-jdbc-6.0.4.jar:/Users/vamsikrishnanalluri/.m2/repository/org/hibernate/orm/hibernate-core/6.1.6.Final/hibernate-core-6.1.6.Final.jar:/Users/vamsikrishnanalluri/.m2/repository/jakarta/persistence/jakarta.persistence-api/3.1.0/jakarta.persistence-api-3.1.0.jar:/Users/vamsikrishnanalluri/.m2/repository/jakarta/transaction/jakarta.transaction-api/2.0.1/jakarta.transaction-api-2.0.1.jar:/Users/vamsikrishnanalluri/.m2/repository/org/jboss/logging/jboss-logging/3.5.0.Final/jboss-logging-3.5.0.Final.jar:/Users/vamsikrishnanalluri/.m2/repository/org/hibernate/common/hibernate-commons-annotations/6.0.2.Final/hibernate-commons-annotations-6.0.2.Final.jar:/Users/vamsikrishnanalluri/.m2/repository/org/jboss/jandex/2.4.2.Final/jandex-2.4.2.Final.jar:/Users/vamsikrishnanalluri/.m2/repository/com/fasterxml/classmate/1.5.1/classmate-1.5.1.jar:/Users/vamsikrishnanalluri/.m2/repository/net/bytebuddy/byte-buddy/1.12.22/byte-buddy-1.12.22.jar:/Users/vamsikrishnanalluri/.m2/repository/org/glassfish/jaxb/jaxb-runtime/4.0.1/jaxb-runtime-4.0.1.jar:/Users/vamsikrishnanalluri/.m2/repository/org/glassfish/jaxb/jaxb-core/4.0.1/jaxb-core-4.0.1.jar:/Users/vamsikrishnanalluri/.m2/repository/org/eclipse/angus/angus-activation/1.0.0/angus-activation-1.0.0.jar:/Users/vamsikrishnanalluri/.m2/repository/org/glassfish/jaxb/txw2/4.0.1/txw2-4.0.1.jar:/Users/vamsikrishnanalluri/.m2/repository/com/sun/istack/istack-commons-runtime/4.1.1/istack-commons-runtime-4.1.1.jar:/Users/vamsikrishnanalluri/.m2/repository/jakarta/inject/jakarta.inject-api/2.0.0/jakarta.inject-api-2.0.0.jar:/Users/vamsikrishnanalluri/.m2/repository/org/antlr/antlr4-runtime/4.10.1/antlr4-runtime-4.10.1.jar:/Users/vamsikrishnanalluri/.m2/repository/org/springframework/data/spring-data-jpa/3.0.1/spring-data-jpa-3.0.1.jar:/Users/vamsikrishnanalluri/.m2/repository/org/springframework/data/spring-data-commons/3.0.1/spring-data-commons-3.0.1.jar:/Users/vamsikrishnanalluri/.m2/repository/org/springframework/spring-orm/6.0.4/spring-orm-6.0.4.jar:/Users/vamsikrishnanalluri/.m2/repository/org/springframework/spring-tx/6.0.4/spring-tx-6.0.4.jar:/Users/vamsikrishnanalluri/.m2/repository/org/slf4j/slf4j-api/2.0.6/slf4j-api-2.0.6.jar:/Users/vamsikrishnanalluri/.m2/repository/org/springframework/spring-aspects/6.0.4/spring-aspects-6.0.4.jar:/Users/vamsikrishnanalluri/.m2/repository/org/springframework/cloud/spring-cloud-starter-netflix-eureka-client/4.0.1/spring-cloud-starter-netflix-eureka-client-4.0.1.jar:/Users/vamsikrishnanalluri/.m2/repository/org/springframework/cloud/spring-cloud-netflix-eureka-client/4.0.1/spring-cloud-netflix-eureka-client-4.0.1.jar:/Users/vamsikrishnanalluri/.m2/repository/com/netflix/eureka/eureka-client/2.0.0/eureka-client-2.0.0.jar:/Users/vamsikrishnanalluri/.m2/repository/com/netflix/netflix-commons/netflix-eventbus/0.3.0/netflix-eventbus-0.3.0.jar:/Users/vamsikrishnanalluri/.m2/repository/com/netflix/netflix-commons/netflix-infix/0.3.0/netflix-infix-0.3.0.jar:/Users/vamsikrishnanalluri/.m2/repository/commons-jxpath/commons-jxpath/1.3/commons-jxpath-1.3.jar:/Users/vamsikrishnanalluri/.m2/repository/joda-time/joda-time/2.3/joda-time-2.3.jar:/Users/vamsikrishnanalluri/.m2/repository/org/antlr/antlr-runtime/3.4/antlr-runtime-3.4.jar:/Users/vamsikrishnanalluri/.m2/repository/org/antlr/stringtemplate/3.2.1/stringtemplate-3.2.1.jar:/Users/vamsikrishnanalluri/.m2/repository/antlr/antlr/2.7.7/antlr-2.7.7.jar:/Users/vamsikrishnanalluri/.m2/repository/com/google/code/gson/gson/2.9.1/gson-2.9.1.jar:/Users/vamsikrishnanalluri/.m2/repository/org/apache/commons/commons-math/2.2/commons-math-2.2.jar:/Users/vamsikrishnanalluri/.m2/repository/com/thoughtworks/xstream/xstream/1.4.19/xstream-1.4.19.jar:/Users/vamsikrishnanalluri/.m2/repository/io/github/x-stream/mxparser/1.2.2/mxparser-1.2.2.jar:/Users/vamsikrishnanalluri/.m2/repository/xmlpull/xmlpull/1.1.3.1/xmlpull-1.1.3.1.jar:/Users/vamsikrishnanalluri/.m2/repository/jakarta/ws/rs/jakarta.ws.rs-api/3.1.0/jakarta.ws.rs-api-3.1.0.jar:/Users/vamsikrishnanalluri/.m2/repository/com/netflix/servo/servo-core/0.12.21/servo-core-0.12.21.jar:/Users/vamsikrishnanalluri/.m2/repository/com/google/guava/guava/19.0/guava-19.0.jar:/Users/vamsikrishnanalluri/.m2/repository/org/apache/httpcomponents/httpclient/4.5.14/httpclient-4.5.14.jar:/Users/vamsikrishnanalluri/.m2/repository/org/apache/httpcomponents/httpcore/4.4.16/httpcore-4.4.16.jar:/Users/vamsikrishnanalluri/.m2/repository/commons-configuration/commons-configuration/1.10/commons-configuration-1.10.jar:/Users/vamsikrishnanalluri/.m2/repository/commons-lang/commons-lang/2.6/commons-lang-2.6.jar:/Users/vamsikrishnanalluri/.m2/repository/org/codehaus/jettison/jettison/1.4.0/jettison-1.4.0.jar:/Users/vamsikrishnanalluri/.m2/repository/com/netflix/eureka/eureka-core/2.0.0/eureka-core-2.0.0.jar:/Users/vamsikrishnanalluri/.m2/repository/jakarta/servlet/jakarta.servlet-api/6.0.0/jakarta.servlet-api-6.0.0.jar:/Users/vamsikrishnanalluri/.m2/repository/com/fasterxml/woodstox/woodstox-core/6.2.1/woodstox-core-6.2.1.jar:/Users/vamsikrishnanalluri/.m2/repository/org/codehaus/woodstox/stax2-api/4.2.1/stax2-api-4.2.1.jar:/Users/vamsikrishnanalluri/.m2/repository/org/springframework/cloud/spring-cloud-starter-loadbalancer/4.0.2/spring-cloud-starter-loadbalancer-4.0.2.jar:/Users/vamsikrishnanalluri/.m2/repository/org/springframework/cloud/spring-cloud-loadbalancer/4.0.2/spring-cloud-loadbalancer-4.0.2.jar:/Users/vamsikrishnanalluri/.m2/repository/io/projectreactor/reactor-core/3.5.2/reactor-core-3.5.2.jar:/Users/vamsikrishnanalluri/.m2/repository/org/reactivestreams/reactive-streams/1.0.4/reactive-streams-1.0.4.jar:/Users/vamsikrishnanalluri/.m2/repository/io/projectreactor/addons/reactor-extra/3.5.0/reactor-extra-3.5.0.jar:/Users/vamsikrishnanalluri/.m2/repository/org/springframework/boot/spring-boot-starter-cache/3.0.2/spring-boot-starter-cache-3.0.2.jar:/Users/vamsikrishnanalluri/.m2/repository/org/springframework/spring-context-support/6.0.4/spring-context-support-6.0.4.jar:/Users/vamsikrishnanalluri/.m2/repository/com/stoyanr/evictor/1.0.0/evictor-1.0.0.jar:/Users/vamsikrishnanalluri/.m2/repository/org/springframework/cloud/spring-cloud-starter-openfeign/4.0.2/spring-cloud-starter-openfeign-4.0.2.jar:/Users/vamsikrishnanalluri/.m2/repository/org/springframework/cloud/spring-cloud-openfeign-core/4.0.2/spring-cloud-openfeign-core-4.0.2.jar:/Users/vamsikrishnanalluri/.m2/repository/io/github/openfeign/form/feign-form-spring/3.8.0/feign-form-spring-3.8.0.jar:/Users/vamsikrishnanalluri/.m2/repository/io/github/openfeign/form/feign-form/3.8.0/feign-form-3.8.0.jar:/Users/vamsikrishnanalluri/.m2/repository/commons-fileupload/commons-fileupload/1.4/commons-fileupload-1.4.jar:/Users/vamsikrishnanalluri/.m2/repository/org/springframework/cloud/spring-cloud-commons/4.0.2/spring-cloud-commons-4.0.2.jar:/Users/vamsikrishnanalluri/.m2/repository/org/springframework/security/spring-security-crypto/6.0.1/spring-security-crypto-6.0.1.jar:/Users/vamsikrishnanalluri/.m2/repository/io/github/openfeign/feign-core/12.1/feign-core-12.1.jar:/Users/vamsikrishnanalluri/.m2/repository/io/github/openfeign/feign-slf4j/12.1/feign-slf4j-12.1.jar:/Users/vamsikrishnanalluri/.m2/repository/org/springframework/boot/spring-boot-starter-test/3.0.2/spring-boot-starter-test-3.0.2.jar:/Users/vamsikrishnanalluri/.m2/repository/org/springframework/boot/spring-boot-test/3.0.2/spring-boot-test-3.0.2.jar:/Users/vamsikrishnanalluri/.m2/repository/org/springframework/boot/spring-boot-test-autoconfigure/3.0.2/spring-boot-test-autoconfigure-3.0.2.jar:/Users/vamsikrishnanalluri/.m2/repository/com/jayway/jsonpath/json-path/2.7.0/json-path-2.7.0.jar:/Users/vamsikrishnanalluri/.m2/repository/net/minidev/json-smart/2.4.8/json-smart-2.4.8.jar:/Users/vamsikrishnanalluri/.m2/repository/net/minidev/accessors-smart/2.4.8/accessors-smart-2.4.8.jar:/Users/vamsikrishnanalluri/.m2/repository/org/ow2/asm/asm/9.1/asm-9.1.jar:/Users/vamsikrishnanalluri/.m2/repository/jakarta/xml/bind/jakarta.xml.bind-api/4.0.0/jakarta.xml.bind-api-4.0.0.jar:/Users/vamsikrishnanalluri/.m2/repository/jakarta/activation/jakarta.activation-api/2.1.1/jakarta.activation-api-2.1.1.jar:/Users/vamsikrishnanalluri/.m2/repository/org/assertj/assertj-core/3.23.1/assertj-core-3.23.1.jar:/Users/vamsikrishnanalluri/.m2/repository/org/hamcrest/hamcrest/2.2/hamcrest-2.2.jar:/Users/vamsikrishnanalluri/.m2/repository/org/junit/jupiter/junit-jupiter/5.9.2/junit-jupiter-5.9.2.jar:/Users/vamsikrishnanalluri/.m2/repository/org/junit/jupiter/junit-jupiter-api/5.9.2/junit-jupiter-api-5.9.2.jar:/Users/vamsikrishnanalluri/.m2/repository/org/opentest4j/opentest4j/1.2.0/opentest4j-1.2.0.jar:/Users/vamsikrishnanalluri/.m2/repository/org/junit/platform/junit-platform-commons/1.9.2/junit-platform-commons-1.9.2.jar:/Users/vamsikrishnanalluri/.m2/repository/org/apiguardian/apiguardian-api/1.1.2/apiguardian-api-1.1.2.jar:/Users/vamsikrishnanalluri/.m2/repository/org/junit/jupiter/junit-jupiter-params/5.9.2/junit-jupiter-params-5.9.2.jar:/Users/vamsikrishnanalluri/.m2/repository/org/junit/jupiter/junit-jupiter-engine/5.9.2/junit-jupiter-engine-5.9.2.jar:/Users/vamsikrishnanalluri/.m2/repository/org/junit/platform/junit-platform-engine/1.9.2/junit-platform-engine-1.9.2.jar:/Users/vamsikrishnanalluri/.m2/repository/org/mockito/mockito-core/4.8.1/mockito-core-4.8.1.jar:/Users/vamsikrishnanalluri/.m2/repository/net/bytebuddy/byte-buddy-agent/1.12.22/byte-buddy-agent-1.12.22.jar:/Users/vamsikrishnanalluri/.m2/repository/org/objenesis/objenesis/3.2/objenesis-3.2.jar:/Users/vamsikrishnanalluri/.m2/repository/org/mockito/mockito-junit-jupiter/4.8.1/mockito-junit-jupiter-4.8.1.jar:/Users/vamsikrishnanalluri/.m2/repository/org/skyscreamer/jsonassert/1.5.1/jsonassert-1.5.1.jar:/Users/vamsikrishnanalluri/.m2/repository/com/vaadin/external/google/android-json/0.0.20131108.vaadin1/android-json-0.0.20131108.vaadin1.jar:/Users/vamsikrishnanalluri/.m2/repository/org/springframework/spring-core/6.0.4/spring-core-6.0.4.jar:/Users/vamsikrishnanalluri/.m2/repository/org/springframework/spring-jcl/6.0.4/spring-jcl-6.0.4.jar:/Users/vamsikrishnanalluri/.m2/repository/org/springframework/spring-test/6.0.4/spring-test-6.0.4.jar:/Users/vamsikrishnanalluri/.m2/repository/org/xmlunit/xmlunit-core/2.9.1/xmlunit-core-2.9.1.jar:/Users/vamsikrishnanalluri/.m2/repository/org/projectlombok/lombok/1.18.24/lombok-1.18.24.jar:"/>
    <property name="java.vm.vendor" value="Homebrew"/>
    <property name="sun.arch.data.model" value="64"/>
    <property name="java.vendor.url" value="https://github.com/Homebrew/homebrew-core/issues"/>
    <property name="os.name" value="Mac OS X"/>
    <property name="java.vm.specification.version" value="17"/>
    <property name="sun.java.launcher" value="SUN_STANDARD"/>
    <property name="user.country" value="IN"/>
    <property name="sun.boot.library.path" value="/opt/homebrew/Cellar/openjdk@17/17.0.4.1/libexec/openjdk.jdk/Contents/Home/lib"/>
    <property name="sun.java.command" value="/Users/vamsikrishnanalluri/Documents/vamsi-projects/bank-app/loans/target/surefire/surefirebooter4153339945861450088.jar /Users/vamsikrishnanalluri/Documents/vamsi-projects/bank-app/loans/target/surefire 2023-04-25T23-08-11_347-jvmRun1 surefire17577460618731260681tmp surefire_012562333639490974069tmp"/>
    <property name="http.nonProxyHosts" value="local|*.local|169.254/16|*.169.254/16"/>
    <property name="jdk.debug" value="release"/>
    <property name="surefire.test.class.path" value="/Users/vamsikrishnanalluri/Documents/vamsi-projects/bank-app/loans/target/test-classes:/Users/vamsikrishnanalluri/Documents/vamsi-projects/bank-app/loans/target/classes:/Users/vamsikrishnanalluri/.m2/repository/org/springframework/boot/spring-boot-starter-web/3.0.4/spring-boot-starter-web-3.0.4.jar:/Users/vamsikrishnanalluri/.m2/repository/org/springframework/boot/spring-boot-starter/3.0.2/spring-boot-starter-3.0.2.jar:/Users/vamsikrishnanalluri/.m2/repository/org/springframework/boot/spring-boot/3.0.2/spring-boot-3.0.2.jar:/Users/vamsikrishnanalluri/.m2/repository/org/springframework/boot/spring-boot-autoconfigure/3.0.2/spring-boot-autoconfigure-3.0.2.jar:/Users/vamsikrishnanalluri/.m2/repository/org/springframework/boot/spring-boot-starter-logging/3.0.2/spring-boot-starter-logging-3.0.2.jar:/Users/vamsikrishnanalluri/.m2/repository/ch/qos/logback/logback-classic/1.4.5/logback-classic-1.4.5.jar:/Users/vamsikrishnanalluri/.m2/repository/ch/qos/logback/logback-core/1.4.5/logback-core-1.4.5.jar:/Users/vamsikrishnanalluri/.m2/repository/org/apache/logging/log4j/log4j-to-slf4j/2.19.0/log4j-to-slf4j-2.19.0.jar:/Users/vamsikrishnanalluri/.m2/repository/org/apache/logging/log4j/log4j-api/2.19.0/log4j-api-2.19.0.jar:/Users/vamsikrishnanalluri/.m2/repository/org/slf4j/jul-to-slf4j/2.0.6/jul-to-slf4j-2.0.6.jar:/Users/vamsikrishnanalluri/.m2/repository/jakarta/annotation/jakarta.annotation-api/2.1.1/jakarta.annotation-api-2.1.1.jar:/Users/vamsikrishnanalluri/.m2/repository/org/yaml/snakeyaml/1.33/snakeyaml-1.33.jar:/Users/vamsikrishnanalluri/.m2/repository/org/springframework/boot/spring-boot-starter-json/3.0.2/spring-boot-starter-json-3.0.2.jar:/Users/vamsikrishnanalluri/.m2/repository/com/fasterxml/jackson/datatype/jackson-datatype-jdk8/2.14.1/jackson-datatype-jdk8-2.14.1.jar:/Users/vamsikrishnanalluri/.m2/repository/com/fasterxml/jackson/datatype/jackson-datatype-jsr310/2.14.1/jackson-datatype-jsr310-2.14.1.jar:/Users/vamsikrishnanalluri/.m2/repository/com/fasterxml/jackson/module/jackson-module-parameter-names/2.14.1/jackson-module-parameter-names-2.14.1.jar:/Users/vamsikrishnanalluri/.m2/repository/org/springframework/boot/spring-boot-starter-tomcat/3.0.2/spring-boot-starter-tomcat-3.0.2.jar:/Users/vamsikrishnanalluri/.m2/repository/org/apache/tomcat/embed/tomcat-embed-core/10.1.5/tomcat-embed-core-10.1.5.jar:/Users/vamsikrishnanalluri/.m2/repository/org/apache/tomcat/embed/tomcat-embed-el/10.1.5/tomcat-embed-el-10.1.5.jar:/Users/vamsikrishnanalluri/.m2/repository/org/apache/tomcat/embed/tomcat-embed-websocket/10.1.5/tomcat-embed-websocket-10.1.5.jar:/Users/vamsikrishnanalluri/.m2/repository/org/springframework/spring-web/6.0.4/spring-web-6.0.4.jar:/Users/vamsikrishnanalluri/.m2/repository/org/springframework/spring-beans/6.0.4/spring-beans-6.0.4.jar:/Users/vamsikrishnanalluri/.m2/repository/org/springframework/spring-webmvc/6.0.4/spring-webmvc-6.0.4.jar:/Users/vamsikrishnanalluri/.m2/repository/org/springframework/spring-aop/6.0.4/spring-aop-6.0.4.jar:/Users/vamsikrishnanalluri/.m2/repository/org/springframework/spring-context/6.0.4/spring-context-6.0.4.jar:/Users/vamsikrishnanalluri/.m2/repository/org/springframework/spring-expression/6.0.4/spring-expression-6.0.4.jar:/Users/vamsikrishnanalluri/.m2/repository/org/springframework/cloud/spring-cloud-starter-config/4.0.2/spring-cloud-starter-config-4.0.2.jar:/Users/vamsikrishnanalluri/.m2/repository/org/springframework/cloud/spring-cloud-starter/4.0.2/spring-cloud-starter-4.0.2.jar:/Users/vamsikrishnanalluri/.m2/repository/org/springframework/cloud/spring-cloud-context/4.0.2/spring-cloud-context-4.0.2.jar:/Users/vamsikrishnanalluri/.m2/repository/org/springframework/security/spring-security-rsa/1.0.11.RELEASE/spring-security-rsa-1.0.11.RELEASE.jar:/Users/vamsikrishnanalluri/.m2/repository/org/bouncycastle/bcpkix-jdk15on/1.69/bcpkix-jdk15on-1.69.jar:/Users/vamsikrishnanalluri/.m2/repository/org/bouncycastle/bcprov-jdk15on/1.69/bcprov-jdk15on-1.69.jar:/Users/vamsikrishnanalluri/.m2/repository/org/bouncycastle/bcutil-jdk15on/1.69/bcutil-jdk15on-1.69.jar:/Users/vamsikrishnanalluri/.m2/repository/org/springframework/cloud/spring-cloud-config-client/4.0.2/spring-cloud-config-client-4.0.2.jar:/Users/vamsikrishnanalluri/.m2/repository/com/fasterxml/jackson/core/jackson-annotations/2.14.1/jackson-annotations-2.14.1.jar:/Users/vamsikrishnanalluri/.m2/repository/org/apache/httpcomponents/client5/httpclient5/5.1.4/httpclient5-5.1.4.jar:/Users/vamsikrishnanalluri/.m2/repository/org/apache/httpcomponents/core5/httpcore5/5.1.5/httpcore5-5.1.5.jar:/Users/vamsikrishnanalluri/.m2/repository/org/apache/httpcomponents/core5/httpcore5-h2/5.1.5/httpcore5-h2-5.1.5.jar:/Users/vamsikrishnanalluri/.m2/repository/commons-codec/commons-codec/1.15/commons-codec-1.15.jar:/Users/vamsikrishnanalluri/.m2/repository/com/fasterxml/jackson/core/jackson-databind/2.14.1/jackson-databind-2.14.1.jar:/Users/vamsikrishnanalluri/.m2/repository/com/fasterxml/jackson/core/jackson-core/2.14.1/jackson-core-2.14.1.jar:/Users/vamsikrishnanalluri/.m2/repository/org/springframework/boot/spring-boot-starter-actuator/3.0.4/spring-boot-starter-actuator-3.0.4.jar:/Users/vamsikrishnanalluri/.m2/repository/org/springframework/boot/spring-boot-actuator-autoconfigure/3.0.2/spring-boot-actuator-autoconfigure-3.0.2.jar:/Users/vamsikrishnanalluri/.m2/repository/org/springframework/boot/spring-boot-actuator/3.0.2/spring-boot-actuator-3.0.2.jar:/Users/vamsikrishnanalluri/.m2/repository/io/micrometer/micrometer-observation/1.10.3/micrometer-observation-1.10.3.jar:/Users/vamsikrishnanalluri/.m2/repository/io/micrometer/micrometer-commons/1.10.3/micrometer-commons-1.10.3.jar:/Users/vamsikrishnanalluri/.m2/repository/io/micrometer/micrometer-core/1.10.3/micrometer-core-1.10.3.jar:/Users/vamsikrishnanalluri/.m2/repository/org/hdrhistogram/HdrHistogram/2.1.12/HdrHistogram-2.1.12.jar:/Users/vamsikrishnanalluri/.m2/repository/org/latencyutils/LatencyUtils/2.0.3/LatencyUtils-2.0.3.jar:/Users/vamsikrishnanalluri/.m2/repository/com/h2database/h2/2.1.214/h2-2.1.214.jar:/Users/vamsikrishnanalluri/.m2/repository/org/springframework/boot/spring-boot-starter-data-jpa/3.0.4/spring-boot-starter-data-jpa-3.0.4.jar:/Users/vamsikrishnanalluri/.m2/repository/org/springframework/boot/spring-boot-starter-aop/3.0.2/spring-boot-starter-aop-3.0.2.jar:/Users/vamsikrishnanalluri/.m2/repository/org/aspectj/aspectjweaver/1.9.19/aspectjweaver-1.9.19.jar:/Users/vamsikrishnanalluri/.m2/repository/org/springframework/boot/spring-boot-starter-jdbc/3.0.2/spring-boot-starter-jdbc-3.0.2.jar:/Users/vamsikrishnanalluri/.m2/repository/com/zaxxer/HikariCP/5.0.1/HikariCP-5.0.1.jar:/Users/vamsikrishnanalluri/.m2/repository/org/springframework/spring-jdbc/6.0.4/spring-jdbc-6.0.4.jar:/Users/vamsikrishnanalluri/.m2/repository/org/hibernate/orm/hibernate-core/6.1.6.Final/hibernate-core-6.1.6.Final.jar:/Users/vamsikrishnanalluri/.m2/repository/jakarta/persistence/jakarta.persistence-api/3.1.0/jakarta.persistence-api-3.1.0.jar:/Users/vamsikrishnanalluri/.m2/repository/jakarta/transaction/jakarta.transaction-api/2.0.1/jakarta.transaction-api-2.0.1.jar:/Users/vamsikrishnanalluri/.m2/repository/org/jboss/logging/jboss-logging/3.5.0.Final/jboss-logging-3.5.0.Final.jar:/Users/vamsikrishnanalluri/.m2/repository/org/hibernate/common/hibernate-commons-annotations/6.0.2.Final/hibernate-commons-annotations-6.0.2.Final.jar:/Users/vamsikrishnanalluri/.m2/repository/org/jboss/jandex/2.4.2.Final/jandex-2.4.2.Final.jar:/Users/vamsikrishnanalluri/.m2/repository/com/fasterxml/classmate/1.5.1/classmate-1.5.1.jar:/Users/vamsikrishnanalluri/.m2/repository/net/bytebuddy/byte-buddy/1.12.22/byte-buddy-1.12.22.jar:/Users/vamsikrishnanalluri/.m2/repository/org/glassfish/jaxb/jaxb-runtime/4.0.1/jaxb-runtime-4.0.1.jar:/Users/vamsikrishnanalluri/.m2/repository/org/glassfish/jaxb/jaxb-core/4.0.1/jaxb-core-4.0.1.jar:/Users/vamsikrishnanalluri/.m2/repository/org/eclipse/angus/angus-activation/1.0.0/angus-activation-1.0.0.jar:/Users/vamsikrishnanalluri/.m2/repository/org/glassfish/jaxb/txw2/4.0.1/txw2-4.0.1.jar:/Users/vamsikrishnanalluri/.m2/repository/com/sun/istack/istack-commons-runtime/4.1.1/istack-commons-runtime-4.1.1.jar:/Users/vamsikrishnanalluri/.m2/repository/jakarta/inject/jakarta.inject-api/2.0.0/jakarta.inject-api-2.0.0.jar:/Users/vamsikrishnanalluri/.m2/repository/org/antlr/antlr4-runtime/4.10.1/antlr4-runtime-4.10.1.jar:/Users/vamsikrishnanalluri/.m2/repository/org/springframework/data/spring-data-jpa/3.0.1/spring-data-jpa-3.0.1.jar:/Users/vamsikrishnanalluri/.m2/repository/org/springframework/data/spring-data-commons/3.0.1/spring-data-commons-3.0.1.jar:/Users/vamsikrishnanalluri/.m2/repository/org/springframework/spring-orm/6.0.4/spring-orm-6.0.4.jar:/Users/vamsikrishnanalluri/.m2/repository/org/springframework/spring-tx/6.0.4/spring-tx-6.0.4.jar:/Users/vamsikrishnanalluri/.m2/repository/org/slf4j/slf4j-api/2.0.6/slf4j-api-2.0.6.jar:/Users/vamsikrishnanalluri/.m2/repository/org/springframework/spring-aspects/6.0.4/spring-aspects-6.0.4.jar:/Users/vamsikrishnanalluri/.m2/repository/org/springframework/cloud/spring-cloud-starter-netflix-eureka-client/4.0.1/spring-cloud-starter-netflix-eureka-client-4.0.1.jar:/Users/vamsikrishnanalluri/.m2/repository/org/springframework/cloud/spring-cloud-netflix-eureka-client/4.0.1/spring-cloud-netflix-eureka-client-4.0.1.jar:/Users/vamsikrishnanalluri/.m2/repository/com/netflix/eureka/eureka-client/2.0.0/eureka-client-2.0.0.jar:/Users/vamsikrishnanalluri/.m2/repository/com/netflix/netflix-commons/netflix-eventbus/0.3.0/netflix-eventbus-0.3.0.jar:/Users/vamsikrishnanalluri/.m2/repository/com/netflix/netflix-commons/netflix-infix/0.3.0/netflix-infix-0.3.0.jar:/Users/vamsikrishnanalluri/.m2/repository/commons-jxpath/commons-jxpath/1.3/commons-jxpath-1.3.jar:/Users/vamsikrishnanalluri/.m2/repository/joda-time/joda-time/2.3/joda-time-2.3.jar:/Users/vamsikrishnanalluri/.m2/repository/org/antlr/antlr-runtime/3.4/antlr-runtime-3.4.jar:/Users/vamsikrishnanalluri/.m2/repository/org/antlr/stringtemplate/3.2.1/stringtemplate-3.2.1.jar:/Users/vamsikrishnanalluri/.m2/repository/antlr/antlr/2.7.7/antlr-2.7.7.jar:/Users/vamsikrishnanalluri/.m2/repository/com/google/code/gson/gson/2.9.1/gson-2.9.1.jar:/Users/vamsikrishnanalluri/.m2/repository/org/apache/commons/commons-math/2.2/commons-math-2.2.jar:/Users/vamsikrishnanalluri/.m2/repository/com/thoughtworks/xstream/xstream/1.4.19/xstream-1.4.19.jar:/Users/vamsikrishnanalluri/.m2/repository/io/github/x-stream/mxparser/1.2.2/mxparser-1.2.2.jar:/Users/vamsikrishnanalluri/.m2/repository/xmlpull/xmlpull/1.1.3.1/xmlpull-1.1.3.1.jar:/Users/vamsikrishnanalluri/.m2/repository/jakarta/ws/rs/jakarta.ws.rs-api/3.1.0/jakarta.ws.rs-api-3.1.0.jar:/Users/vamsikrishnanalluri/.m2/repository/com/netflix/servo/servo-core/0.12.21/servo-core-0.12.21.jar:/Users/vamsikrishnanalluri/.m2/repository/com/google/guava/guava/19.0/guava-19.0.jar:/Users/vamsikrishnanalluri/.m2/repository/org/apache/httpcomponents/httpclient/4.5.14/httpclient-4.5.14.jar:/Users/vamsikrishnanalluri/.m2/repository/org/apache/httpcomponents/httpcore/4.4.16/httpcore-4.4.16.jar:/Users/vamsikrishnanalluri/.m2/repository/commons-configuration/commons-configuration/1.10/commons-configuration-1.10.jar:/Users/vamsikrishnanalluri/.m2/repository/commons-lang/commons-lang/2.6/commons-lang-2.6.jar:/Users/vamsikrishnanalluri/.m2/repository/org/codehaus/jettison/jettison/1.4.0/jettison-1.4.0.jar:/Users/vamsikrishnanalluri/.m2/repository/com/netflix/eureka/eureka-core/2.0.0/eureka-core-2.0.0.jar:/Users/vamsikrishnanalluri/.m2/repository/jakarta/servlet/jakarta.servlet-api/6.0.0/jakarta.servlet-api-6.0.0.jar:/Users/vamsikrishnanalluri/.m2/repository/com/fasterxml/woodstox/woodstox-core/6.2.1/woodstox-core-6.2.1.jar:/Users/vamsikrishnanalluri/.m2/repository/org/codehaus/woodstox/stax2-api/4.2.1/stax2-api-4.2.1.jar:/Users/vamsikrishnanalluri/.m2/repository/org/springframework/cloud/spring-cloud-starter-loadbalancer/4.0.2/spring-cloud-starter-loadbalancer-4.0.2.jar:/Users/vamsikrishnanalluri/.m2/repository/org/springframework/cloud/spring-cloud-loadbalancer/4.0.2/spring-cloud-loadbalancer-4.0.2.jar:/Users/vamsikrishnanalluri/.m2/repository/io/projectreactor/reactor-core/3.5.2/reactor-core-3.5.2.jar:/Users/vamsikrishnanalluri/.m2/repository/org/reactivestreams/reactive-streams/1.0.4/reactive-streams-1.0.4.jar:/Users/vamsikrishnanalluri/.m2/repository/io/projectreactor/addons/reactor-extra/3.5.0/reactor-extra-3.5.0.jar:/Users/vamsikrishnanalluri/.m2/repository/org/springframework/boot/spring-boot-starter-cache/3.0.2/spring-boot-starter-cache-3.0.2.jar:/Users/vamsikrishnanalluri/.m2/repository/org/springframework/spring-context-support/6.0.4/spring-context-support-6.0.4.jar:/Users/vamsikrishnanalluri/.m2/repository/com/stoyanr/evictor/1.0.0/evictor-1.0.0.jar:/Users/vamsikrishnanalluri/.m2/repository/org/springframework/cloud/spring-cloud-starter-openfeign/4.0.2/spring-cloud-starter-openfeign-4.0.2.jar:/Users/vamsikrishnanalluri/.m2/repository/org/springframework/cloud/spring-cloud-openfeign-core/4.0.2/spring-cloud-openfeign-core-4.0.2.jar:/Users/vamsikrishnanalluri/.m2/repository/io/github/openfeign/form/feign-form-spring/3.8.0/feign-form-spring-3.8.0.jar:/Users/vamsikrishnanalluri/.m2/repository/io/github/openfeign/form/feign-form/3.8.0/feign-form-3.8.0.jar:/Users/vamsikrishnanalluri/.m2/repository/commons-fileupload/commons-fileupload/1.4/commons-fileupload-1.4.jar:/Users/vamsikrishnanalluri/.m2/repository/org/springframework/cloud/spring-cloud-commons/4.0.2/spring-cloud-commons-4.0.2.jar:/Users/vamsikrishnanalluri/.m2/repository/org/springframework/security/spring-security-crypto/6.0.1/spring-security-crypto-6.0.1.jar:/Users/vamsikrishnanalluri/.m2/repository/io/github/openfeign/feign-core/12.1/feign-core-12.1.jar:/Users/vamsikrishnanalluri/.m2/repository/io/github/openfeign/feign-slf4j/12.1/feign-slf4j-12.1.jar:/Users/vamsikrishnanalluri/.m2/repository/org/springframework/boot/spring-boot-starter-test/3.0.2/spring-boot-starter-test-3.0.2.jar:/Users/vamsikrishnanalluri/.m2/repository/org/springframework/boot/spring-boot-test/3.0.2/spring-boot-test-3.0.2.jar:/Users/vamsikrishnanalluri/.m2/repository/org/springframework/boot/spring-boot-test-autoconfigure/3.0.2/spring-boot-test-autoconfigure-3.0.2.jar:/Users/vamsikrishnanalluri/.m2/repository/com/jayway/jsonpath/json-path/2.7.0/json-path-2.7.0.jar:/Users/vamsikrishnanalluri/.m2/repository/net/minidev/json-smart/2.4.8/json-smart-2.4.8.jar:/Users/vamsikrishnanalluri/.m2/repository/net/minidev/accessors-smart/2.4.8/accessors-smart-2.4.8.jar:/Users/vamsikrishnanalluri/.m2/repository/org/ow2/asm/asm/9.1/asm-9.1.jar:/Users/vamsikrishnanalluri/.m2/repository/jakarta/xml/bind/jakarta.xml.bind-api/4.0.0/jakarta.xml.bind-api-4.0.0.jar:/Users/vamsikrishnanalluri/.m2/repository/jakarta/activation/jakarta.activation-api/2.1.1/jakarta.activation-api-2.1.1.jar:/Users/vamsikrishnanalluri/.m2/repository/org/assertj/assertj-core/3.23.1/assertj-core-3.23.1.jar:/Users/vamsikrishnanalluri/.m2/repository/org/hamcrest/hamcrest/2.2/hamcrest-2.2.jar:/Users/vamsikrishnanalluri/.m2/repository/org/junit/jupiter/junit-jupiter/5.9.2/junit-jupiter-5.9.2.jar:/Users/vamsikrishnanalluri/.m2/repository/org/junit/jupiter/junit-jupiter-api/5.9.2/junit-jupiter-api-5.9.2.jar:/Users/vamsikrishnanalluri/.m2/repository/org/opentest4j/opentest4j/1.2.0/opentest4j-1.2.0.jar:/Users/vamsikrishnanalluri/.m2/repository/org/junit/platform/junit-platform-commons/1.9.2/junit-platform-commons-1.9.2.jar:/Users/vamsikrishnanalluri/.m2/repository/org/apiguardian/apiguardian-api/1.1.2/apiguardian-api-1.1.2.jar:/Users/vamsikrishnanalluri/.m2/repository/org/junit/jupiter/junit-jupiter-params/5.9.2/junit-jupiter-params-5.9.2.jar:/Users/vamsikrishnanalluri/.m2/repository/org/junit/jupiter/junit-jupiter-engine/5.9.2/junit-jupiter-engine-5.9.2.jar:/Users/vamsikrishnanalluri/.m2/repository/org/junit/platform/junit-platform-engine/1.9.2/junit-platform-engine-1.9.2.jar:/Users/vamsikrishnanalluri/.m2/repository/org/mockito/mockito-core/4.8.1/mockito-core-4.8.1.jar:/Users/vamsikrishnanalluri/.m2/repository/net/bytebuddy/byte-buddy-agent/1.12.22/byte-buddy-agent-1.12.22.jar:/Users/vamsikrishnanalluri/.m2/repository/org/objenesis/objenesis/3.2/objenesis-3.2.jar:/Users/vamsikrishnanalluri/.m2/repository/org/mockito/mockito-junit-jupiter/4.8.1/mockito-junit-jupiter-4.8.1.jar:/Users/vamsikrishnanalluri/.m2/repository/org/skyscreamer/jsonassert/1.5.1/jsonassert-1.5.1.jar:/Users/vamsikrishnanalluri/.m2/repository/com/vaadin/external/google/android-json/0.0.20131108.vaadin1/android-json-0.0.20131108.vaadin1.jar:/Users/vamsikrishnanalluri/.m2/repository/org/springframework/spring-core/6.0.4/spring-core-6.0.4.jar:/Users/vamsikrishnanalluri/.m2/repository/org/springframework/spring-jcl/6.0.4/spring-jcl-6.0.4.jar:/Users/vamsikrishnanalluri/.m2/repository/org/springframework/spring-test/6.0.4/spring-test-6.0.4.jar:/Users/vamsikrishnanalluri/.m2/repository/org/xmlunit/xmlunit-core/2.9.1/xmlunit-core-2.9.1.jar:/Users/vamsikrishnanalluri/.m2/repository/org/projectlombok/lombok/1.18.24/lombok-1.18.24.jar:"/>
    <property name="sun.cpu.endian" value="little"/>
    <property name="user.home" value="/Users/vamsikrishnanalluri"/>
    <property name="user.language" value="en"/>
    <property name="java.specification.vendor" value="Oracle Corporation"/>
    <property name="java.version.date" value="2022-08-12"/>
    <property name="java.home" value="/opt/homebrew/Cellar/openjdk@17/17.0.4.1/libexec/openjdk.jdk/Contents/Home"/>
    <property name="file.separator" value="/"/>
    <property name="basedir" value="/Users/vamsikrishnanalluri/Documents/vamsi-projects/bank-app/loans"/>
    <property name="java.vm.compressedOopsMode" value="Zero based"/>
    <property name="line.separator" value="&#10;"/>
    <property name="java.specification.name" value="Java Platform API Specification"/>
    <property name="java.vm.specification.vendor" value="Oracle Corporation"/>
    <property name="surefire.real.class.path" value="/Users/vamsikrishnanalluri/Documents/vamsi-projects/bank-app/loans/target/surefire/surefirebooter4153339945861450088.jar"/>
    <property name="sun.management.compiler" value="HotSpot 64-Bit Tiered Compilers"/>
    <property name="ftp.nonProxyHosts" value="local|*.local|169.254/16|*.169.254/16"/>
    <property name="java.runtime.version" value="17.0.4.1+0"/>
    <property name="user.name" value="vamsikrishnanalluri"/>
    <property name="path.separator" value=":"/>
    <property name="os.version" value="13.1"/>
    <property name="java.runtime.name" value="OpenJDK Runtime Environment"/>
    <property name="file.encoding" value="US-ASCII"/>
    <property name="java.vm.name" value="OpenJDK 64-Bit Server VM"/>
    <property name="java.vendor.version" value="Homebrew"/>
    <property name="localRepository" value="/Users/vamsikrishnanalluri/.m2/repository"/>
    <property name="java.vendor.url.bug" value="https://github.com/Homebrew/homebrew-core/issues"/>
    <property name="java.io.tmpdir" value="/var/folders/lm/6cyw_1z50793n_vb8gvjdlyh0000gn/T/"/>
    <property name="java.version" value="17.0.4.1"/>
    <property name="user.dir" value="/Users/vamsikrishnanalluri/Documents/vamsi-projects/bank-app/loans"/>
    <property name="os.arch" value="aarch64"/>
    <property name="java.vm.specification.name" value="Java Virtual Machine Specification"/>
    <property name="native.encoding" value="US-ASCII"/>
    <property name="java.library.path" value="/Users/vamsikrishnanalluri/Library/Java/Extensions:/Library/Java/Extensions:/Network/Library/Java/Extensions:/System/Library/Java/Extensions:/usr/lib/java:."/>
    <property name="java.vm.info" value="mixed mode, sharing"/>
    <property name="java.vendor" value="Homebrew"/>
    <property name="java.vm.version" value="17.0.4.1+0"/>
    <property name="sun.io.unicode.encoding" value="UnicodeBig"/>
    <property name="socksNonProxyHosts" value="local|*.local|169.254/16|*.169.254/16"/>
    <property name="java.class.version" value="61.0"/>
  </properties>
  <testcase name="contextLoads" classname="org.vmc.bank.LoansApplicationTests" time="0.001"/>
</testsuite>